2023-03-17T08:32:52.318-05:00  INFO 9672 --- [main] c.s.s.SpringbootApiApplicationTests      : Starting SpringbootApiApplicationTests using Java 17.0.6 with PID 9672 (started by galvi in C:\Users\galvi\Documents\Java\SpringBoot_RestServices\springboot_api)
2023-03-17T08:32:52.325-05:00  INFO 9672 --- [main] c.s.s.SpringbootApiApplicationTests      : No active profile set, falling back to 1 default profile: "default"
2023-03-17T08:32:53.063-05:00  INFO 9672 --- [main] .s.d.r.c.RepositoryConfigurationDelegate : Bootstrapping Spring Data JPA repositories in DEFAULT mode.
2023-03-17T08:32:53.144-05:00  INFO 9672 --- [main] .s.d.r.c.RepositoryConfigurationDelegate : Finished Spring Data repository scanning in 66 ms. Found 1 JPA repository interfaces.
2023-03-17T08:32:54.289-05:00  INFO 9672 --- [main] o.hibernate.jpa.internal.util.LogHelper  : HHH000204: Processing PersistenceUnitInfo [name: default]
2023-03-17T08:32:54.391-05:00  INFO 9672 --- [main] org.hibernate.Version                    : HHH000412: Hibernate ORM core version 6.1.7.Final
2023-03-17T08:32:54.656-05:00  INFO 9672 --- [main] com.zaxxer.hikari.HikariDataSource       : HikariPool-1 - Starting...
2023-03-17T08:32:54.985-05:00  INFO 9672 --- [main] com.zaxxer.hikari.pool.HikariPool        : HikariPool-1 - Added connection com.mysql.cj.jdbc.ConnectionImpl@4f4d05b3
2023-03-17T08:32:54.988-05:00  INFO 9672 --- [main] com.zaxxer.hikari.HikariDataSource       : HikariPool-1 - Start completed.
2023-03-17T08:32:55.052-05:00  INFO 9672 --- [main] SQL dialect                              : HHH000400: Using dialect: org.hibernate.dialect.MySQLDialect
2023-03-17T08:32:55.611-05:00  INFO 9672 --- [main] o.h.e.t.j.p.i.JtaPlatformInitiator       : HHH000490: Using JtaPlatform implementation: [org.hibernate.engine.transaction.jta.platform.internal.NoJtaPlatform]
2023-03-17T08:32:55.621-05:00  INFO 9672 --- [main] j.LocalContainerEntityManagerFactoryBean : Initialized JPA EntityManagerFactory for persistence unit 'default'
2023-03-17T08:32:55.797-05:00  WARN 9672 --- [main] JpaBaseConfiguration$JpaWebConfiguration : spring.jpa.open-in-view is enabled by default. Therefore, database queries may be performed during view rendering. Explicitly configure spring.jpa.open-in-view to disable this warning
2023-03-17T08:32:56.273-05:00  WARN 9672 --- [main] .s.s.UserDetailsServiceAutoConfiguration : 

Using generated security password: d3da60bf-4645-4222-9c09-dd35faec03e1

This generated password is for development use only. Your security configuration must be updated before running your application in production.

2023-03-17T08:32:56.431-05:00  INFO 9672 --- [main] o.s.s.web.DefaultSecurityFilterChain     : Will secure any request with [org.springframework.security.web.session.DisableEncodeUrlFilter@57a0aeb8, org.springframework.security.web.context.request.async.WebAsyncManagerIntegrationFilter@45f70f68, org.springframework.security.web.context.SecurityContextHolderFilter@2c6d442d, org.springframework.security.web.header.HeaderWriterFilter@272f5373, org.springframework.security.web.csrf.CsrfFilter@272485a6, org.springframework.security.web.authentication.logout.LogoutFilter@4202bfe8, org.springframework.security.web.authentication.UsernamePasswordAuthenticationFilter@45a4587d, org.springframework.security.web.authentication.ui.DefaultLoginPageGeneratingFilter@2784145d, org.springframework.security.web.authentication.ui.DefaultLogoutPageGeneratingFilter@16e3d6d0, org.springframework.security.web.authentication.www.BasicAuthenticationFilter@b332eda, org.springframework.security.web.savedrequest.RequestCacheAwareFilter@227c0cf7, org.springframework.security.web.servletapi.SecurityContextHolderAwareRequestFilter@47bbf44d, org.springframework.security.web.authentication.AnonymousAuthenticationFilter@406d922, org.springframework.security.web.access.ExceptionTranslationFilter@57063e08, org.springframework.security.web.access.intercept.AuthorizationFilter@779cb140]
2023-03-17T08:32:56.491-05:00  INFO 9672 --- [main] o.s.b.t.m.w.SpringBootMockServletContext : Initializing Spring TestDispatcherServlet ''
2023-03-17T08:32:56.491-05:00  INFO 9672 --- [main] o.s.t.web.servlet.TestDispatcherServlet  : Initializing Servlet ''
2023-03-17T08:32:56.493-05:00  INFO 9672 --- [main] o.s.t.web.servlet.TestDispatcherServlet  : Completed initialization in 2 ms
2023-03-17T08:32:56.523-05:00  INFO 9672 --- [main] c.s.s.SpringbootApiApplicationTests      : Started SpringbootApiApplicationTests in 4.558 seconds (process running for 5.775)
2023-03-17T08:32:56.595-05:00  INFO 9672 --- [main] c.s.s.controller.LibraryController       : Book do no exists yet. Creating a new one
2023-03-17T08:32:56.735-05:00  INFO 9672 --- [main] c.s.s.controller.LibraryController       : Skipping creating because the book already exists in DB.
2023-03-17T08:32:56.783-05:00  INFO 9672 --- [SpringApplicationShutdownHook] j.LocalContainerEntityManagerFactoryBean : Closing JPA EntityManagerFactory for persistence unit 'default'
2023-03-17T08:32:56.785-05:00  INFO 9672 --- [SpringApplicationShutdownHook] com.zaxxer.hikari.HikariDataSource       : HikariPool-1 - Shutdown initiated...
2023-03-17T08:32:56.796-05:00  INFO 9672 --- [SpringApplicationShutdownHook] com.zaxxer.hikari.HikariDataSource       : HikariPool-1 - Shutdown completed.
2023-03-17T08:44:21.720-05:00  INFO 11296 --- [main] c.s.s.SpringbootApiApplicationTests      : Starting SpringbootApiApplicationTests using Java 17.0.6 with PID 11296 (started by galvi in C:\Users\galvi\Documents\Java\SpringBoot_RestServices\springboot_api)
2023-03-17T08:44:21.722-05:00  INFO 11296 --- [main] c.s.s.SpringbootApiApplicationTests      : No active profile set, falling back to 1 default profile: "default"
2023-03-17T08:44:22.365-05:00  INFO 11296 --- [main] .s.d.r.c.RepositoryConfigurationDelegate : Bootstrapping Spring Data JPA repositories in DEFAULT mode.
2023-03-17T08:44:22.435-05:00  INFO 11296 --- [main] .s.d.r.c.RepositoryConfigurationDelegate : Finished Spring Data repository scanning in 60 ms. Found 1 JPA repository interfaces.
2023-03-17T08:44:23.316-05:00  INFO 11296 --- [main] o.hibernate.jpa.internal.util.LogHelper  : HHH000204: Processing PersistenceUnitInfo [name: default]
2023-03-17T08:44:23.367-05:00  INFO 11296 --- [main] org.hibernate.Version                    : HHH000412: Hibernate ORM core version 6.1.7.Final
2023-03-17T08:44:23.571-05:00  INFO 11296 --- [main] com.zaxxer.hikari.HikariDataSource       : HikariPool-1 - Starting...
2023-03-17T08:44:23.910-05:00  INFO 11296 --- [main] com.zaxxer.hikari.pool.HikariPool        : HikariPool-1 - Added connection com.mysql.cj.jdbc.ConnectionImpl@56f72909
2023-03-17T08:44:23.915-05:00  INFO 11296 --- [main] com.zaxxer.hikari.HikariDataSource       : HikariPool-1 - Start completed.
2023-03-17T08:44:23.969-05:00  INFO 11296 --- [main] SQL dialect                              : HHH000400: Using dialect: org.hibernate.dialect.MySQLDialect
2023-03-17T08:44:24.469-05:00  INFO 11296 --- [main] o.h.e.t.j.p.i.JtaPlatformInitiator       : HHH000490: Using JtaPlatform implementation: [org.hibernate.engine.transaction.jta.platform.internal.NoJtaPlatform]
2023-03-17T08:44:24.478-05:00  INFO 11296 --- [main] j.LocalContainerEntityManagerFactoryBean : Initialized JPA EntityManagerFactory for persistence unit 'default'
2023-03-17T08:44:24.658-05:00  WARN 11296 --- [main] JpaBaseConfiguration$JpaWebConfiguration : spring.jpa.open-in-view is enabled by default. Therefore, database queries may be performed during view rendering. Explicitly configure spring.jpa.open-in-view to disable this warning
2023-03-17T08:44:25.079-05:00  WARN 11296 --- [main] .s.s.UserDetailsServiceAutoConfiguration : 

Using generated security password: c4ee81aa-cc63-48f5-a2f5-8734f9e2c6a7

This generated password is for development use only. Your security configuration must be updated before running your application in production.

2023-03-17T08:44:25.194-05:00  INFO 11296 --- [main] o.s.s.web.DefaultSecurityFilterChain     : Will secure any request with [org.springframework.security.web.session.DisableEncodeUrlFilter@2784145d, org.springframework.security.web.context.request.async.WebAsyncManagerIntegrationFilter@4bd1b07d, org.springframework.security.web.context.SecurityContextHolderFilter@3d8b9dee, org.springframework.security.web.header.HeaderWriterFilter@7621c3f7, org.springframework.security.web.csrf.CsrfFilter@560c3758, org.springframework.security.web.authentication.logout.LogoutFilter@e98adb2, org.springframework.security.web.authentication.UsernamePasswordAuthenticationFilter@799557c8, org.springframework.security.web.authentication.ui.DefaultLoginPageGeneratingFilter@99774ec, org.springframework.security.web.authentication.ui.DefaultLogoutPageGeneratingFilter@7789526e, org.springframework.security.web.authentication.www.BasicAuthenticationFilter@52b7c1d9, org.springframework.security.web.savedrequest.RequestCacheAwareFilter@40dc2ade, org.springframework.security.web.servletapi.SecurityContextHolderAwareRequestFilter@3a61d819, org.springframework.security.web.authentication.AnonymousAuthenticationFilter@5fafd099, org.springframework.security.web.access.ExceptionTranslationFilter@39f7cc46, org.springframework.security.web.access.intercept.AuthorizationFilter@272f5373]
2023-03-17T08:44:25.240-05:00  INFO 11296 --- [main] o.s.b.t.m.w.SpringBootMockServletContext : Initializing Spring TestDispatcherServlet ''
2023-03-17T08:44:25.244-05:00  INFO 11296 --- [main] o.s.t.web.servlet.TestDispatcherServlet  : Initializing Servlet ''
2023-03-17T08:44:25.247-05:00  INFO 11296 --- [main] o.s.t.web.servlet.TestDispatcherServlet  : Completed initialization in 2 ms
2023-03-17T08:44:25.282-05:00  INFO 11296 --- [main] c.s.s.SpringbootApiApplicationTests      : Started SpringbootApiApplicationTests in 3.929 seconds (process running for 4.922)
2023-03-17T08:44:25.355-05:00  INFO 11296 --- [main] c.s.s.controller.LibraryController       : Book do no exists yet. Creating a new one
2023-03-17T08:44:25.467-05:00  INFO 11296 --- [main] c.s.s.controller.LibraryController       : Skipping creating because the book already exists in DB.
2023-03-17T08:44:25.515-05:00  INFO 11296 --- [SpringApplicationShutdownHook] j.LocalContainerEntityManagerFactoryBean : Closing JPA EntityManagerFactory for persistence unit 'default'
2023-03-17T08:44:25.518-05:00  INFO 11296 --- [SpringApplicationShutdownHook] com.zaxxer.hikari.HikariDataSource       : HikariPool-1 - Shutdown initiated...
2023-03-17T08:44:25.532-05:00  INFO 11296 --- [SpringApplicationShutdownHook] com.zaxxer.hikari.HikariDataSource       : HikariPool-1 - Shutdown completed.
2023-03-17T08:49:34.525-05:00  INFO 15624 --- [main] c.s.s.SpringbootApiApplicationTests      : Starting SpringbootApiApplicationTests using Java 17.0.6 with PID 15624 (started by galvi in C:\Users\galvi\Documents\Java\SpringBoot_RestServices\springboot_api)
2023-03-17T08:49:34.527-05:00  INFO 15624 --- [main] c.s.s.SpringbootApiApplicationTests      : No active profile set, falling back to 1 default profile: "default"
2023-03-17T08:49:35.112-05:00  INFO 15624 --- [main] .s.d.r.c.RepositoryConfigurationDelegate : Bootstrapping Spring Data JPA repositories in DEFAULT mode.
2023-03-17T08:49:35.166-05:00  INFO 15624 --- [main] .s.d.r.c.RepositoryConfigurationDelegate : Finished Spring Data repository scanning in 47 ms. Found 1 JPA repository interfaces.
2023-03-17T08:49:36.039-05:00  INFO 15624 --- [main] o.hibernate.jpa.internal.util.LogHelper  : HHH000204: Processing PersistenceUnitInfo [name: default]
2023-03-17T08:49:36.091-05:00  INFO 15624 --- [main] org.hibernate.Version                    : HHH000412: Hibernate ORM core version 6.1.7.Final
2023-03-17T08:49:36.336-05:00  INFO 15624 --- [main] com.zaxxer.hikari.HikariDataSource       : HikariPool-1 - Starting...
2023-03-17T08:49:36.644-05:00  INFO 15624 --- [main] com.zaxxer.hikari.pool.HikariPool        : HikariPool-1 - Added connection com.mysql.cj.jdbc.ConnectionImpl@3dd750ba
2023-03-17T08:49:36.646-05:00  INFO 15624 --- [main] com.zaxxer.hikari.HikariDataSource       : HikariPool-1 - Start completed.
2023-03-17T08:49:36.711-05:00  INFO 15624 --- [main] SQL dialect                              : HHH000400: Using dialect: org.hibernate.dialect.MySQLDialect
2023-03-17T08:49:37.197-05:00  INFO 15624 --- [main] o.h.e.t.j.p.i.JtaPlatformInitiator       : HHH000490: Using JtaPlatform implementation: [org.hibernate.engine.transaction.jta.platform.internal.NoJtaPlatform]
2023-03-17T08:49:37.206-05:00  INFO 15624 --- [main] j.LocalContainerEntityManagerFactoryBean : Initialized JPA EntityManagerFactory for persistence unit 'default'
2023-03-17T08:49:37.366-05:00  WARN 15624 --- [main] JpaBaseConfiguration$JpaWebConfiguration : spring.jpa.open-in-view is enabled by default. Therefore, database queries may be performed during view rendering. Explicitly configure spring.jpa.open-in-view to disable this warning
2023-03-17T08:49:37.802-05:00  WARN 15624 --- [main] .s.s.UserDetailsServiceAutoConfiguration : 

Using generated security password: e25405ba-7a79-44c0-82c7-7e9b339b3c10

This generated password is for development use only. Your security configuration must be updated before running your application in production.

2023-03-17T08:49:37.925-05:00  INFO 15624 --- [main] o.s.s.web.DefaultSecurityFilterChain     : Will secure any request with [org.springframework.security.web.session.DisableEncodeUrlFilter@b332eda, org.springframework.security.web.context.request.async.WebAsyncManagerIntegrationFilter@6bf70600, org.springframework.security.web.context.SecurityContextHolderFilter@272f5373, org.springframework.security.web.header.HeaderWriterFilter@574134ba, org.springframework.security.web.csrf.CsrfFilter@20fdaf3e, org.springframework.security.web.authentication.logout.LogoutFilter@34c2e03d, org.springframework.security.web.authentication.UsernamePasswordAuthenticationFilter@2512155e, org.springframework.security.web.authentication.ui.DefaultLoginPageGeneratingFilter@52b7c1d9, org.springframework.security.web.authentication.ui.DefaultLogoutPageGeneratingFilter@3ca5da54, org.springframework.security.web.authentication.www.BasicAuthenticationFilter@288915a1, org.springframework.security.web.savedrequest.RequestCacheAwareFilter@1f05d08c, org.springframework.security.web.servletapi.SecurityContextHolderAwareRequestFilter@13cc3984, org.springframework.security.web.authentication.AnonymousAuthenticationFilter@57a0aeb8, org.springframework.security.web.access.ExceptionTranslationFilter@36017835, org.springframework.security.web.access.intercept.AuthorizationFilter@92775a3]
2023-03-17T08:49:37.994-05:00  INFO 15624 --- [main] o.s.b.t.m.w.SpringBootMockServletContext : Initializing Spring TestDispatcherServlet ''
2023-03-17T08:49:37.995-05:00  INFO 15624 --- [main] o.s.t.web.servlet.TestDispatcherServlet  : Initializing Servlet ''
2023-03-17T08:49:37.996-05:00  INFO 15624 --- [main] o.s.t.web.servlet.TestDispatcherServlet  : Completed initialization in 1 ms
2023-03-17T08:49:38.042-05:00  INFO 15624 --- [main] c.s.s.SpringbootApiApplicationTests      : Started SpringbootApiApplicationTests in 3.918 seconds (process running for 4.83)
2023-03-17T08:49:38.115-05:00  INFO 15624 --- [main] c.s.s.controller.LibraryController       : Book do no exists yet. Creating a new one
2023-03-17T08:49:38.272-05:00  INFO 15624 --- [main] c.s.s.controller.LibraryController       : Skipping creating because the book already exists in DB.
2023-03-17T08:49:38.322-05:00  INFO 15624 --- [SpringApplicationShutdownHook] j.LocalContainerEntityManagerFactoryBean : Closing JPA EntityManagerFactory for persistence unit 'default'
2023-03-17T08:49:38.325-05:00  INFO 15624 --- [SpringApplicationShutdownHook] com.zaxxer.hikari.HikariDataSource       : HikariPool-1 - Shutdown initiated...
2023-03-17T08:49:38.335-05:00  INFO 15624 --- [SpringApplicationShutdownHook] com.zaxxer.hikari.HikariDataSource       : HikariPool-1 - Shutdown completed.
2023-03-17T09:02:58.264-05:00  INFO 15836 --- [main] c.s.s.SpringbootApiApplicationTests      : Starting SpringbootApiApplicationTests using Java 17.0.6 with PID 15836 (started by galvi in C:\Users\galvi\Documents\Java\SpringBoot_RestServices\springboot_api)
2023-03-17T09:02:58.266-05:00  INFO 15836 --- [main] c.s.s.SpringbootApiApplicationTests      : No active profile set, falling back to 1 default profile: "default"
2023-03-17T09:02:58.808-05:00  INFO 15836 --- [main] .s.d.r.c.RepositoryConfigurationDelegate : Bootstrapping Spring Data JPA repositories in DEFAULT mode.
2023-03-17T09:02:58.863-05:00  INFO 15836 --- [main] .s.d.r.c.RepositoryConfigurationDelegate : Finished Spring Data repository scanning in 48 ms. Found 1 JPA repository interfaces.
2023-03-17T09:02:59.761-05:00  INFO 15836 --- [main] o.hibernate.jpa.internal.util.LogHelper  : HHH000204: Processing PersistenceUnitInfo [name: default]
2023-03-17T09:02:59.816-05:00  INFO 15836 --- [main] org.hibernate.Version                    : HHH000412: Hibernate ORM core version 6.1.7.Final
2023-03-17T09:03:00.084-05:00  INFO 15836 --- [main] com.zaxxer.hikari.HikariDataSource       : HikariPool-1 - Starting...
2023-03-17T09:03:00.454-05:00  INFO 15836 --- [main] com.zaxxer.hikari.pool.HikariPool        : HikariPool-1 - Added connection com.mysql.cj.jdbc.ConnectionImpl@3dd750ba
2023-03-17T09:03:00.457-05:00  INFO 15836 --- [main] com.zaxxer.hikari.HikariDataSource       : HikariPool-1 - Start completed.
2023-03-17T09:03:00.518-05:00  INFO 15836 --- [main] SQL dialect                              : HHH000400: Using dialect: org.hibernate.dialect.MySQLDialect
2023-03-17T09:03:01.101-05:00  INFO 15836 --- [main] o.h.e.t.j.p.i.JtaPlatformInitiator       : HHH000490: Using JtaPlatform implementation: [org.hibernate.engine.transaction.jta.platform.internal.NoJtaPlatform]
2023-03-17T09:03:01.110-05:00  INFO 15836 --- [main] j.LocalContainerEntityManagerFactoryBean : Initialized JPA EntityManagerFactory for persistence unit 'default'
2023-03-17T09:03:01.307-05:00  WARN 15836 --- [main] JpaBaseConfiguration$JpaWebConfiguration : spring.jpa.open-in-view is enabled by default. Therefore, database queries may be performed during view rendering. Explicitly configure spring.jpa.open-in-view to disable this warning
2023-03-17T09:03:01.756-05:00  WARN 15836 --- [main] .s.s.UserDetailsServiceAutoConfiguration : 

Using generated security password: 5369043d-0b23-4d0f-b90f-183833132522

This generated password is for development use only. Your security configuration must be updated before running your application in production.

2023-03-17T09:03:01.886-05:00  INFO 15836 --- [main] o.s.s.web.DefaultSecurityFilterChain     : Will secure any request with [org.springframework.security.web.session.DisableEncodeUrlFilter@4411a0fe, org.springframework.security.web.context.request.async.WebAsyncManagerIntegrationFilter@2c750b69, org.springframework.security.web.context.SecurityContextHolderFilter@27adb90f, org.springframework.security.web.header.HeaderWriterFilter@70a91d72, org.springframework.security.web.csrf.CsrfFilter@2e60d4f4, org.springframework.security.web.authentication.logout.LogoutFilter@4198921f, org.springframework.security.web.authentication.UsernamePasswordAuthenticationFilter@7cc842b0, org.springframework.security.web.authentication.ui.DefaultLoginPageGeneratingFilter@16e3d6d0, org.springframework.security.web.authentication.ui.DefaultLogoutPageGeneratingFilter@159a0f0e, org.springframework.security.web.authentication.www.BasicAuthenticationFilter@6771efaa, org.springframework.security.web.savedrequest.RequestCacheAwareFilter@3b9c05f, org.springframework.security.web.servletapi.SecurityContextHolderAwareRequestFilter@b332eda, org.springframework.security.web.authentication.AnonymousAuthenticationFilter@6484364f, org.springframework.security.web.access.ExceptionTranslationFilter@779cb140, org.springframework.security.web.access.intercept.AuthorizationFilter@6c056020]
2023-03-17T09:03:01.936-05:00  INFO 15836 --- [main] o.s.b.t.m.w.SpringBootMockServletContext : Initializing Spring TestDispatcherServlet ''
2023-03-17T09:03:01.938-05:00  INFO 15836 --- [main] o.s.t.web.servlet.TestDispatcherServlet  : Initializing Servlet ''
2023-03-17T09:03:01.940-05:00  INFO 15836 --- [main] o.s.t.web.servlet.TestDispatcherServlet  : Completed initialization in 2 ms
2023-03-17T09:03:01.974-05:00  INFO 15836 --- [main] c.s.s.SpringbootApiApplicationTests      : Started SpringbootApiApplicationTests in 4.04 seconds (process running for 4.936)
2023-03-17T09:03:02.051-05:00  INFO 15836 --- [main] c.s.s.controller.LibraryController       : Book do no exists yet. Creating a new one
2023-03-17T09:03:02.198-05:00  INFO 15836 --- [main] c.s.s.controller.LibraryController       : Skipping creating because the book already exists in DB.
2023-03-17T09:03:02.247-05:00  INFO 15836 --- [SpringApplicationShutdownHook] j.LocalContainerEntityManagerFactoryBean : Closing JPA EntityManagerFactory for persistence unit 'default'
2023-03-17T09:03:02.249-05:00  INFO 15836 --- [SpringApplicationShutdownHook] com.zaxxer.hikari.HikariDataSource       : HikariPool-1 - Shutdown initiated...
2023-03-17T09:03:02.260-05:00  INFO 15836 --- [SpringApplicationShutdownHook] com.zaxxer.hikari.HikariDataSource       : HikariPool-1 - Shutdown completed.
2023-03-17T09:04:50.285-05:00  INFO 16584 --- [main] c.s.s.SpringbootApiApplicationTests      : Starting SpringbootApiApplicationTests using Java 17.0.6 with PID 16584 (started by galvi in C:\Users\galvi\Documents\Java\SpringBoot_RestServices\springboot_api)
2023-03-17T09:04:50.287-05:00  INFO 16584 --- [main] c.s.s.SpringbootApiApplicationTests      : No active profile set, falling back to 1 default profile: "default"
2023-03-17T09:04:50.939-05:00  INFO 16584 --- [main] .s.d.r.c.RepositoryConfigurationDelegate : Bootstrapping Spring Data JPA repositories in DEFAULT mode.
2023-03-17T09:04:51.009-05:00  INFO 16584 --- [main] .s.d.r.c.RepositoryConfigurationDelegate : Finished Spring Data repository scanning in 58 ms. Found 1 JPA repository interfaces.
2023-03-17T09:04:51.994-05:00  INFO 16584 --- [main] o.hibernate.jpa.internal.util.LogHelper  : HHH000204: Processing PersistenceUnitInfo [name: default]
2023-03-17T09:04:52.072-05:00  INFO 16584 --- [main] org.hibernate.Version                    : HHH000412: Hibernate ORM core version 6.1.7.Final
2023-03-17T09:04:52.315-05:00  INFO 16584 --- [main] com.zaxxer.hikari.HikariDataSource       : HikariPool-1 - Starting...
2023-03-17T09:04:52.634-05:00  INFO 16584 --- [main] com.zaxxer.hikari.pool.HikariPool        : HikariPool-1 - Added connection com.mysql.cj.jdbc.ConnectionImpl@377e90b0
2023-03-17T09:04:52.636-05:00  INFO 16584 --- [main] com.zaxxer.hikari.HikariDataSource       : HikariPool-1 - Start completed.
2023-03-17T09:04:52.685-05:00  INFO 16584 --- [main] SQL dialect                              : HHH000400: Using dialect: org.hibernate.dialect.MySQLDialect
2023-03-17T09:04:53.196-05:00  INFO 16584 --- [main] o.h.e.t.j.p.i.JtaPlatformInitiator       : HHH000490: Using JtaPlatform implementation: [org.hibernate.engine.transaction.jta.platform.internal.NoJtaPlatform]
2023-03-17T09:04:53.207-05:00  INFO 16584 --- [main] j.LocalContainerEntityManagerFactoryBean : Initialized JPA EntityManagerFactory for persistence unit 'default'
2023-03-17T09:04:53.371-05:00  WARN 16584 --- [main] JpaBaseConfiguration$JpaWebConfiguration : spring.jpa.open-in-view is enabled by default. Therefore, database queries may be performed during view rendering. Explicitly configure spring.jpa.open-in-view to disable this warning
2023-03-17T09:04:53.770-05:00  WARN 16584 --- [main] .s.s.UserDetailsServiceAutoConfiguration : 

Using generated security password: 7b30b5b1-1aa3-4a6d-ac48-5893a8bcaea1

This generated password is for development use only. Your security configuration must be updated before running your application in production.

2023-03-17T09:04:53.894-05:00  INFO 16584 --- [main] o.s.s.web.DefaultSecurityFilterChain     : Will secure any request with [org.springframework.security.web.session.DisableEncodeUrlFilter@6771efaa, org.springframework.security.web.context.request.async.WebAsyncManagerIntegrationFilter@446fb72e, org.springframework.security.web.context.SecurityContextHolderFilter@70a91d72, org.springframework.security.web.header.HeaderWriterFilter@ef59aee, org.springframework.security.web.csrf.CsrfFilter@2370c90, org.springframework.security.web.authentication.logout.LogoutFilter@154208f2, org.springframework.security.web.authentication.UsernamePasswordAuthenticationFilter@5c8e7687, org.springframework.security.web.authentication.ui.DefaultLoginPageGeneratingFilter@3ca5da54, org.springframework.security.web.authentication.ui.DefaultLogoutPageGeneratingFilter@26caf4b6, org.springframework.security.web.authentication.www.BasicAuthenticationFilter@28b16193, org.springframework.security.web.savedrequest.RequestCacheAwareFilter@402d76c7, org.springframework.security.web.servletapi.SecurityContextHolderAwareRequestFilter@288915a1, org.springframework.security.web.authentication.AnonymousAuthenticationFilter@4411a0fe, org.springframework.security.web.access.ExceptionTranslationFilter@92775a3, org.springframework.security.web.access.intercept.AuthorizationFilter@434a72f2]
2023-03-17T09:04:53.947-05:00  INFO 16584 --- [main] o.s.b.t.m.w.SpringBootMockServletContext : Initializing Spring TestDispatcherServlet ''
2023-03-17T09:04:53.948-05:00  INFO 16584 --- [main] o.s.t.web.servlet.TestDispatcherServlet  : Initializing Servlet ''
2023-03-17T09:04:53.949-05:00  INFO 16584 --- [main] o.s.t.web.servlet.TestDispatcherServlet  : Completed initialization in 1 ms
2023-03-17T09:04:53.980-05:00  INFO 16584 --- [main] c.s.s.SpringbootApiApplicationTests      : Started SpringbootApiApplicationTests in 4.064 seconds (process running for 5.157)
2023-03-17T09:04:54.212-05:00  INFO 16584 --- [SpringApplicationShutdownHook] j.LocalContainerEntityManagerFactoryBean : Closing JPA EntityManagerFactory for persistence unit 'default'
2023-03-17T09:04:54.215-05:00  INFO 16584 --- [SpringApplicationShutdownHook] com.zaxxer.hikari.HikariDataSource       : HikariPool-1 - Shutdown initiated...
2023-03-17T09:04:54.228-05:00  INFO 16584 --- [SpringApplicationShutdownHook] com.zaxxer.hikari.HikariDataSource       : HikariPool-1 - Shutdown completed.
2023-03-17T09:08:47.471-05:00  INFO 6680 --- [main] c.s.s.SpringbootApiApplicationTests      : Starting SpringbootApiApplicationTests using Java 17.0.6 with PID 6680 (started by galvi in C:\Users\galvi\Documents\Java\SpringBoot_RestServices\springboot_api)
2023-03-17T09:08:47.473-05:00  INFO 6680 --- [main] c.s.s.SpringbootApiApplicationTests      : No active profile set, falling back to 1 default profile: "default"
2023-03-17T09:08:48.150-05:00  INFO 6680 --- [main] .s.d.r.c.RepositoryConfigurationDelegate : Bootstrapping Spring Data JPA repositories in DEFAULT mode.
2023-03-17T09:08:48.234-05:00  INFO 6680 --- [main] .s.d.r.c.RepositoryConfigurationDelegate : Finished Spring Data repository scanning in 62 ms. Found 1 JPA repository interfaces.
2023-03-17T09:08:49.178-05:00  INFO 6680 --- [main] o.hibernate.jpa.internal.util.LogHelper  : HHH000204: Processing PersistenceUnitInfo [name: default]
2023-03-17T09:08:49.237-05:00  INFO 6680 --- [main] org.hibernate.Version                    : HHH000412: Hibernate ORM core version 6.1.7.Final
2023-03-17T09:08:49.496-05:00  INFO 6680 --- [main] com.zaxxer.hikari.HikariDataSource       : HikariPool-1 - Starting...
2023-03-17T09:08:49.814-05:00  INFO 6680 --- [main] com.zaxxer.hikari.pool.HikariPool        : HikariPool-1 - Added connection com.mysql.cj.jdbc.ConnectionImpl@377e90b0
2023-03-17T09:08:49.818-05:00  INFO 6680 --- [main] com.zaxxer.hikari.HikariDataSource       : HikariPool-1 - Start completed.
2023-03-17T09:08:49.875-05:00  INFO 6680 --- [main] SQL dialect                              : HHH000400: Using dialect: org.hibernate.dialect.MySQLDialect
2023-03-17T09:08:50.520-05:00  INFO 6680 --- [main] o.h.e.t.j.p.i.JtaPlatformInitiator       : HHH000490: Using JtaPlatform implementation: [org.hibernate.engine.transaction.jta.platform.internal.NoJtaPlatform]
2023-03-17T09:08:50.529-05:00  INFO 6680 --- [main] j.LocalContainerEntityManagerFactoryBean : Initialized JPA EntityManagerFactory for persistence unit 'default'
2023-03-17T09:08:50.706-05:00  WARN 6680 --- [main] JpaBaseConfiguration$JpaWebConfiguration : spring.jpa.open-in-view is enabled by default. Therefore, database queries may be performed during view rendering. Explicitly configure spring.jpa.open-in-view to disable this warning
2023-03-17T09:08:51.157-05:00  WARN 6680 --- [main] .s.s.UserDetailsServiceAutoConfiguration : 

Using generated security password: 5786eb04-b786-4bd1-b669-9218899adf6a

This generated password is for development use only. Your security configuration must be updated before running your application in production.

2023-03-17T09:08:51.330-05:00  INFO 6680 --- [main] o.s.s.web.DefaultSecurityFilterChain     : Will secure any request with [org.springframework.security.web.session.DisableEncodeUrlFilter@288915a1, org.springframework.security.web.context.request.async.WebAsyncManagerIntegrationFilter@62a6a47e, org.springframework.security.web.context.SecurityContextHolderFilter@574134ba, org.springframework.security.web.header.HeaderWriterFilter@7d3faf1d, org.springframework.security.web.csrf.CsrfFilter@33d2f9d3, org.springframework.security.web.authentication.logout.LogoutFilter@45ecdd32, org.springframework.security.web.authentication.UsernamePasswordAuthenticationFilter@38326fd5, org.springframework.security.web.authentication.ui.DefaultLoginPageGeneratingFilter@5625ba2, org.springframework.security.web.authentication.ui.DefaultLogoutPageGeneratingFilter@4645a575, org.springframework.security.web.authentication.www.BasicAuthenticationFilter@27adb90f, org.springframework.security.web.savedrequest.RequestCacheAwareFilter@6afb240d, org.springframework.security.web.servletapi.SecurityContextHolderAwareRequestFilter@2c6d442d, org.springframework.security.web.authentication.AnonymousAuthenticationFilter@b332eda, org.springframework.security.web.access.ExceptionTranslationFilter@2c3d0ff8, org.springframework.security.web.access.intercept.AuthorizationFilter@6f986031]
2023-03-17T09:08:51.402-05:00  INFO 6680 --- [main] o.s.b.t.m.w.SpringBootMockServletContext : Initializing Spring TestDispatcherServlet ''
2023-03-17T09:08:51.403-05:00  INFO 6680 --- [main] o.s.t.web.servlet.TestDispatcherServlet  : Initializing Servlet ''
2023-03-17T09:08:51.405-05:00  INFO 6680 --- [main] o.s.t.web.servlet.TestDispatcherServlet  : Completed initialization in 2 ms
2023-03-17T09:08:51.444-05:00  INFO 6680 --- [main] c.s.s.SpringbootApiApplicationTests      : Started SpringbootApiApplicationTests in 4.374 seconds (process running for 5.318)
2023-03-17T09:08:51.765-05:00  INFO 6680 --- [SpringApplicationShutdownHook] j.LocalContainerEntityManagerFactoryBean : Closing JPA EntityManagerFactory for persistence unit 'default'
2023-03-17T09:08:51.771-05:00  INFO 6680 --- [SpringApplicationShutdownHook] com.zaxxer.hikari.HikariDataSource       : HikariPool-1 - Shutdown initiated...
2023-03-17T09:08:51.797-05:00  INFO 6680 --- [SpringApplicationShutdownHook] com.zaxxer.hikari.HikariDataSource       : HikariPool-1 - Shutdown completed.
2023-03-17T09:12:32.547-05:00  INFO 16812 --- [main] c.s.s.SpringbootApiApplicationTests      : Starting SpringbootApiApplicationTests using Java 17.0.6 with PID 16812 (started by galvi in C:\Users\galvi\Documents\Java\SpringBoot_RestServices\springboot_api)
2023-03-17T09:12:32.549-05:00  INFO 16812 --- [main] c.s.s.SpringbootApiApplicationTests      : No active profile set, falling back to 1 default profile: "default"
2023-03-17T09:12:33.186-05:00  INFO 16812 --- [main] .s.d.r.c.RepositoryConfigurationDelegate : Bootstrapping Spring Data JPA repositories in DEFAULT mode.
2023-03-17T09:12:33.259-05:00  INFO 16812 --- [main] .s.d.r.c.RepositoryConfigurationDelegate : Finished Spring Data repository scanning in 65 ms. Found 1 JPA repository interfaces.
2023-03-17T09:12:34.233-05:00  INFO 16812 --- [main] o.hibernate.jpa.internal.util.LogHelper  : HHH000204: Processing PersistenceUnitInfo [name: default]
2023-03-17T09:12:34.288-05:00  INFO 16812 --- [main] org.hibernate.Version                    : HHH000412: Hibernate ORM core version 6.1.7.Final
2023-03-17T09:12:34.509-05:00  INFO 16812 --- [main] com.zaxxer.hikari.HikariDataSource       : HikariPool-1 - Starting...
2023-03-17T09:12:34.788-05:00  INFO 16812 --- [main] com.zaxxer.hikari.pool.HikariPool        : HikariPool-1 - Added connection com.mysql.cj.jdbc.ConnectionImpl@708f7386
2023-03-17T09:12:34.791-05:00  INFO 16812 --- [main] com.zaxxer.hikari.HikariDataSource       : HikariPool-1 - Start completed.
2023-03-17T09:12:34.840-05:00  INFO 16812 --- [main] SQL dialect                              : HHH000400: Using dialect: org.hibernate.dialect.MySQLDialect
2023-03-17T09:12:35.334-05:00  INFO 16812 --- [main] o.h.e.t.j.p.i.JtaPlatformInitiator       : HHH000490: Using JtaPlatform implementation: [org.hibernate.engine.transaction.jta.platform.internal.NoJtaPlatform]
2023-03-17T09:12:35.342-05:00  INFO 16812 --- [main] j.LocalContainerEntityManagerFactoryBean : Initialized JPA EntityManagerFactory for persistence unit 'default'
2023-03-17T09:12:35.499-05:00  WARN 16812 --- [main] JpaBaseConfiguration$JpaWebConfiguration : spring.jpa.open-in-view is enabled by default. Therefore, database queries may be performed during view rendering. Explicitly configure spring.jpa.open-in-view to disable this warning
2023-03-17T09:12:35.895-05:00  WARN 16812 --- [main] .s.s.UserDetailsServiceAutoConfiguration : 

Using generated security password: fab20d93-a89e-479a-9890-c970e95f6636

This generated password is for development use only. Your security configuration must be updated before running your application in production.

2023-03-17T09:12:36.008-05:00  INFO 16812 --- [main] o.s.s.web.DefaultSecurityFilterChain     : Will secure any request with [org.springframework.security.web.session.DisableEncodeUrlFilter@5776a9f8, org.springframework.security.web.context.request.async.WebAsyncManagerIntegrationFilter@6771efaa, org.springframework.security.web.context.SecurityContextHolderFilter@45a4587d, org.springframework.security.web.header.HeaderWriterFilter@2512155e, org.springframework.security.web.csrf.CsrfFilter@233d2b76, org.springframework.security.web.authentication.logout.LogoutFilter@d6879bf, org.springframework.security.web.authentication.UsernamePasswordAuthenticationFilter@434a72f2, org.springframework.security.web.authentication.ui.DefaultLoginPageGeneratingFilter@6bf70600, org.springframework.security.web.authentication.ui.DefaultLogoutPageGeneratingFilter@446fb72e, org.springframework.security.web.authentication.www.BasicAuthenticationFilter@5eadc347, org.springframework.security.web.savedrequest.RequestCacheAwareFilter@52a9db63, org.springframework.security.web.servletapi.SecurityContextHolderAwareRequestFilter@3b9c05f, org.springframework.security.web.authentication.AnonymousAuthenticationFilter@26caf4b6, org.springframework.security.web.access.ExceptionTranslationFilter@4a467ada, org.springframework.security.web.access.intercept.AuthorizationFilter@328e687e]
2023-03-17T09:12:36.048-05:00  INFO 16812 --- [main] o.s.b.t.m.w.SpringBootMockServletContext : Initializing Spring TestDispatcherServlet ''
2023-03-17T09:12:36.048-05:00  INFO 16812 --- [main] o.s.t.web.servlet.TestDispatcherServlet  : Initializing Servlet ''
2023-03-17T09:12:36.050-05:00  INFO 16812 --- [main] o.s.t.web.servlet.TestDispatcherServlet  : Completed initialization in 2 ms
2023-03-17T09:12:36.081-05:00  INFO 16812 --- [main] c.s.s.SpringbootApiApplicationTests      : Started SpringbootApiApplicationTests in 3.843 seconds (process running for 4.866)
2023-03-17T09:12:36.275-05:00  INFO 16812 --- [SpringApplicationShutdownHook] j.LocalContainerEntityManagerFactoryBean : Closing JPA EntityManagerFactory for persistence unit 'default'
2023-03-17T09:12:36.280-05:00  INFO 16812 --- [SpringApplicationShutdownHook] com.zaxxer.hikari.HikariDataSource       : HikariPool-1 - Shutdown initiated...
2023-03-17T09:12:36.289-05:00  INFO 16812 --- [SpringApplicationShutdownHook] com.zaxxer.hikari.HikariDataSource       : HikariPool-1 - Shutdown completed.
2023-03-17T09:21:52.245-05:00  INFO 12920 --- [main] c.s.s.SpringbootApiApplicationTests      : Starting SpringbootApiApplicationTests using Java 17.0.6 with PID 12920 (started by galvi in C:\Users\galvi\Documents\Java\SpringBoot_RestServices\springboot_api)
2023-03-17T09:21:52.247-05:00  INFO 12920 --- [main] c.s.s.SpringbootApiApplicationTests      : No active profile set, falling back to 1 default profile: "default"
2023-03-17T09:21:52.786-05:00  INFO 12920 --- [main] .s.d.r.c.RepositoryConfigurationDelegate : Bootstrapping Spring Data JPA repositories in DEFAULT mode.
2023-03-17T09:21:52.842-05:00  INFO 12920 --- [main] .s.d.r.c.RepositoryConfigurationDelegate : Finished Spring Data repository scanning in 47 ms. Found 1 JPA repository interfaces.
2023-03-17T09:21:53.750-05:00  INFO 12920 --- [main] o.hibernate.jpa.internal.util.LogHelper  : HHH000204: Processing PersistenceUnitInfo [name: default]
2023-03-17T09:21:53.808-05:00  INFO 12920 --- [main] org.hibernate.Version                    : HHH000412: Hibernate ORM core version 6.1.7.Final
2023-03-17T09:21:54.029-05:00  INFO 12920 --- [main] com.zaxxer.hikari.HikariDataSource       : HikariPool-1 - Starting...
2023-03-17T09:21:54.343-05:00  INFO 12920 --- [main] com.zaxxer.hikari.pool.HikariPool        : HikariPool-1 - Added connection com.mysql.cj.jdbc.ConnectionImpl@bb6869a
2023-03-17T09:21:54.345-05:00  INFO 12920 --- [main] com.zaxxer.hikari.HikariDataSource       : HikariPool-1 - Start completed.
2023-03-17T09:21:54.401-05:00  INFO 12920 --- [main] SQL dialect                              : HHH000400: Using dialect: org.hibernate.dialect.MySQLDialect
2023-03-17T09:21:54.908-05:00  INFO 12920 --- [main] o.h.e.t.j.p.i.JtaPlatformInitiator       : HHH000490: Using JtaPlatform implementation: [org.hibernate.engine.transaction.jta.platform.internal.NoJtaPlatform]
2023-03-17T09:21:54.914-05:00  INFO 12920 --- [main] j.LocalContainerEntityManagerFactoryBean : Initialized JPA EntityManagerFactory for persistence unit 'default'
2023-03-17T09:21:55.071-05:00  WARN 12920 --- [main] JpaBaseConfiguration$JpaWebConfiguration : spring.jpa.open-in-view is enabled by default. Therefore, database queries may be performed during view rendering. Explicitly configure spring.jpa.open-in-view to disable this warning
2023-03-17T09:21:55.455-05:00  WARN 12920 --- [main] .s.s.UserDetailsServiceAutoConfiguration : 

Using generated security password: c1d5f7cf-4862-48c6-be62-cc29f8e49829

This generated password is for development use only. Your security configuration must be updated before running your application in production.

2023-03-17T09:21:55.562-05:00  INFO 12920 --- [main] o.s.s.web.DefaultSecurityFilterChain     : Will secure any request with [org.springframework.security.web.session.DisableEncodeUrlFilter@7cc842b0, org.springframework.security.web.context.request.async.WebAsyncManagerIntegrationFilter@53dd29e0, org.springframework.security.web.context.SecurityContextHolderFilter@61627c9d, org.springframework.security.web.header.HeaderWriterFilter@17e4beda, org.springframework.security.web.csrf.CsrfFilter@52b7c1d9, org.springframework.security.web.authentication.logout.LogoutFilter@11d0bff5, org.springframework.security.web.authentication.UsernamePasswordAuthenticationFilter@154208f2, org.springframework.security.web.authentication.ui.DefaultLoginPageGeneratingFilter@52a9db63, org.springframework.security.web.authentication.ui.DefaultLogoutPageGeneratingFilter@3733b1f4, org.springframework.security.web.authentication.www.BasicAuthenticationFilter@5c8e7687, org.springframework.security.web.savedrequest.RequestCacheAwareFilter@6f986031, org.springframework.security.web.servletapi.SecurityContextHolderAwareRequestFilter@2512155e, org.springframework.security.web.authentication.AnonymousAuthenticationFilter@70f0c352, org.springframework.security.web.access.ExceptionTranslationFilter@68e62b3b, org.springframework.security.web.access.intercept.AuthorizationFilter@d6879bf]
2023-03-17T09:21:55.604-05:00  INFO 12920 --- [main] o.s.b.t.m.w.SpringBootMockServletContext : Initializing Spring TestDispatcherServlet ''
2023-03-17T09:21:55.605-05:00  INFO 12920 --- [main] o.s.t.web.servlet.TestDispatcherServlet  : Initializing Servlet ''
2023-03-17T09:21:55.606-05:00  INFO 12920 --- [main] o.s.t.web.servlet.TestDispatcherServlet  : Completed initialization in 1 ms
2023-03-17T09:21:55.637-05:00  INFO 12920 --- [main] c.s.s.SpringbootApiApplicationTests      : Started SpringbootApiApplicationTests in 3.713 seconds (process running for 4.657)
2023-03-17T09:21:55.824-05:00  INFO 12920 --- [SpringApplicationShutdownHook] j.LocalContainerEntityManagerFactoryBean : Closing JPA EntityManagerFactory for persistence unit 'default'
2023-03-17T09:21:55.827-05:00  INFO 12920 --- [SpringApplicationShutdownHook] com.zaxxer.hikari.HikariDataSource       : HikariPool-1 - Shutdown initiated...
2023-03-17T09:21:55.837-05:00  INFO 12920 --- [SpringApplicationShutdownHook] com.zaxxer.hikari.HikariDataSource       : HikariPool-1 - Shutdown completed.
2023-03-17T09:26:09.487-05:00  INFO 12152 --- [main] c.s.s.SpringbootApiApplicationTests      : Starting SpringbootApiApplicationTests using Java 17.0.6 with PID 12152 (started by galvi in C:\Users\galvi\Documents\Java\SpringBoot_RestServices\springboot_api)
2023-03-17T09:26:09.489-05:00  INFO 12152 --- [main] c.s.s.SpringbootApiApplicationTests      : No active profile set, falling back to 1 default profile: "default"
2023-03-17T09:26:10.033-05:00  INFO 12152 --- [main] .s.d.r.c.RepositoryConfigurationDelegate : Bootstrapping Spring Data JPA repositories in DEFAULT mode.
2023-03-17T09:26:10.085-05:00  INFO 12152 --- [main] .s.d.r.c.RepositoryConfigurationDelegate : Finished Spring Data repository scanning in 47 ms. Found 1 JPA repository interfaces.
2023-03-17T09:26:10.935-05:00  INFO 12152 --- [main] o.hibernate.jpa.internal.util.LogHelper  : HHH000204: Processing PersistenceUnitInfo [name: default]
2023-03-17T09:26:10.997-05:00  INFO 12152 --- [main] org.hibernate.Version                    : HHH000412: Hibernate ORM core version 6.1.7.Final
2023-03-17T09:26:11.254-05:00  INFO 12152 --- [main] com.zaxxer.hikari.HikariDataSource       : HikariPool-1 - Starting...
2023-03-17T09:26:11.580-05:00  INFO 12152 --- [main] com.zaxxer.hikari.pool.HikariPool        : HikariPool-1 - Added connection com.mysql.cj.jdbc.ConnectionImpl@3d59933
2023-03-17T09:26:11.582-05:00  INFO 12152 --- [main] com.zaxxer.hikari.HikariDataSource       : HikariPool-1 - Start completed.
2023-03-17T09:26:11.648-05:00  INFO 12152 --- [main] SQL dialect                              : HHH000400: Using dialect: org.hibernate.dialect.MySQLDialect
2023-03-17T09:26:12.215-05:00  INFO 12152 --- [main] o.h.e.t.j.p.i.JtaPlatformInitiator       : HHH000490: Using JtaPlatform implementation: [org.hibernate.engine.transaction.jta.platform.internal.NoJtaPlatform]
2023-03-17T09:26:12.227-05:00  INFO 12152 --- [main] j.LocalContainerEntityManagerFactoryBean : Initialized JPA EntityManagerFactory for persistence unit 'default'
2023-03-17T09:26:12.393-05:00  WARN 12152 --- [main] JpaBaseConfiguration$JpaWebConfiguration : spring.jpa.open-in-view is enabled by default. Therefore, database queries may be performed during view rendering. Explicitly configure spring.jpa.open-in-view to disable this warning
2023-03-17T09:26:12.851-05:00  INFO 12152 --- [main] o.s.b.t.m.w.SpringBootMockServletContext : Initializing Spring TestDispatcherServlet ''
2023-03-17T09:26:12.851-05:00  INFO 12152 --- [main] o.s.t.web.servlet.TestDispatcherServlet  : Initializing Servlet ''
2023-03-17T09:26:12.857-05:00  INFO 12152 --- [main] o.s.t.web.servlet.TestDispatcherServlet  : Completed initialization in 4 ms
2023-03-17T09:26:12.907-05:00  INFO 12152 --- [main] c.s.s.SpringbootApiApplicationTests      : Started SpringbootApiApplicationTests in 3.74 seconds (process running for 4.694)
2023-03-17T09:26:13.225-05:00  INFO 12152 --- [main] c.s.s.controller.LibraryController       : Skipping creating because the book already exists in DB.
2023-03-17T09:26:13.322-05:00  INFO 12152 --- [SpringApplicationShutdownHook] j.LocalContainerEntityManagerFactoryBean : Closing JPA EntityManagerFactory for persistence unit 'default'
2023-03-17T09:26:13.326-05:00  INFO 12152 --- [SpringApplicationShutdownHook] com.zaxxer.hikari.HikariDataSource       : HikariPool-1 - Shutdown initiated...
2023-03-17T09:26:13.334-05:00  INFO 12152 --- [SpringApplicationShutdownHook] com.zaxxer.hikari.HikariDataSource       : HikariPool-1 - Shutdown completed.
2023-03-17T09:26:21.720-05:00  INFO 12948 --- [main] c.s.s.SpringbootApiApplicationTests      : Starting SpringbootApiApplicationTests using Java 17.0.6 with PID 12948 (started by galvi in C:\Users\galvi\Documents\Java\SpringBoot_RestServices\springboot_api)
2023-03-17T09:26:21.722-05:00  INFO 12948 --- [main] c.s.s.SpringbootApiApplicationTests      : No active profile set, falling back to 1 default profile: "default"
2023-03-17T09:26:22.249-05:00  INFO 12948 --- [main] .s.d.r.c.RepositoryConfigurationDelegate : Bootstrapping Spring Data JPA repositories in DEFAULT mode.
2023-03-17T09:26:22.305-05:00  INFO 12948 --- [main] .s.d.r.c.RepositoryConfigurationDelegate : Finished Spring Data repository scanning in 47 ms. Found 1 JPA repository interfaces.
2023-03-17T09:26:23.133-05:00  INFO 12948 --- [main] o.hibernate.jpa.internal.util.LogHelper  : HHH000204: Processing PersistenceUnitInfo [name: default]
2023-03-17T09:26:23.181-05:00  INFO 12948 --- [main] org.hibernate.Version                    : HHH000412: Hibernate ORM core version 6.1.7.Final
2023-03-17T09:26:23.399-05:00  INFO 12948 --- [main] com.zaxxer.hikari.HikariDataSource       : HikariPool-1 - Starting...
2023-03-17T09:26:23.675-05:00  INFO 12948 --- [main] com.zaxxer.hikari.pool.HikariPool        : HikariPool-1 - Added connection com.mysql.cj.jdbc.ConnectionImpl@445b85d7
2023-03-17T09:26:23.678-05:00  INFO 12948 --- [main] com.zaxxer.hikari.HikariDataSource       : HikariPool-1 - Start completed.
2023-03-17T09:26:23.735-05:00  INFO 12948 --- [main] SQL dialect                              : HHH000400: Using dialect: org.hibernate.dialect.MySQLDialect
2023-03-17T09:26:24.240-05:00  INFO 12948 --- [main] o.h.e.t.j.p.i.JtaPlatformInitiator       : HHH000490: Using JtaPlatform implementation: [org.hibernate.engine.transaction.jta.platform.internal.NoJtaPlatform]
2023-03-17T09:26:24.250-05:00  INFO 12948 --- [main] j.LocalContainerEntityManagerFactoryBean : Initialized JPA EntityManagerFactory for persistence unit 'default'
2023-03-17T09:26:24.406-05:00  WARN 12948 --- [main] JpaBaseConfiguration$JpaWebConfiguration : spring.jpa.open-in-view is enabled by default. Therefore, database queries may be performed during view rendering. Explicitly configure spring.jpa.open-in-view to disable this warning
2023-03-17T09:26:24.791-05:00  INFO 12948 --- [main] o.s.b.t.m.w.SpringBootMockServletContext : Initializing Spring TestDispatcherServlet ''
2023-03-17T09:26:24.792-05:00  INFO 12948 --- [main] o.s.t.web.servlet.TestDispatcherServlet  : Initializing Servlet ''
2023-03-17T09:26:24.793-05:00  INFO 12948 --- [main] o.s.t.web.servlet.TestDispatcherServlet  : Completed initialization in 1 ms
2023-03-17T09:26:24.822-05:00  INFO 12948 --- [main] c.s.s.SpringbootApiApplicationTests      : Started SpringbootApiApplicationTests in 3.407 seconds (process running for 4.311)
2023-03-17T09:26:25.049-05:00  INFO 12948 --- [main] c.s.s.controller.LibraryController       : Skipping creating because the book already exists in DB.
2023-03-17T09:26:25.200-05:00  INFO 12948 --- [SpringApplicationShutdownHook] j.LocalContainerEntityManagerFactoryBean : Closing JPA EntityManagerFactory for persistence unit 'default'
2023-03-17T09:26:25.203-05:00  INFO 12948 --- [SpringApplicationShutdownHook] com.zaxxer.hikari.HikariDataSource       : HikariPool-1 - Shutdown initiated...
2023-03-17T09:26:25.215-05:00  INFO 12948 --- [SpringApplicationShutdownHook] com.zaxxer.hikari.HikariDataSource       : HikariPool-1 - Shutdown completed.
2023-03-17T09:26:47.180-05:00  INFO 11268 --- [main] c.s.s.SpringbootApiApplicationTests      : Starting SpringbootApiApplicationTests using Java 17.0.6 with PID 11268 (started by galvi in C:\Users\galvi\Documents\Java\SpringBoot_RestServices\springboot_api)
2023-03-17T09:26:47.183-05:00  INFO 11268 --- [main] c.s.s.SpringbootApiApplicationTests      : No active profile set, falling back to 1 default profile: "default"
2023-03-17T09:26:47.732-05:00  INFO 11268 --- [main] .s.d.r.c.RepositoryConfigurationDelegate : Bootstrapping Spring Data JPA repositories in DEFAULT mode.
2023-03-17T09:26:47.820-05:00  INFO 11268 --- [main] .s.d.r.c.RepositoryConfigurationDelegate : Finished Spring Data repository scanning in 74 ms. Found 1 JPA repository interfaces.
2023-03-17T09:26:48.722-05:00  INFO 11268 --- [main] o.hibernate.jpa.internal.util.LogHelper  : HHH000204: Processing PersistenceUnitInfo [name: default]
2023-03-17T09:26:48.803-05:00  INFO 11268 --- [main] org.hibernate.Version                    : HHH000412: Hibernate ORM core version 6.1.7.Final
2023-03-17T09:26:49.089-05:00  INFO 11268 --- [main] com.zaxxer.hikari.HikariDataSource       : HikariPool-1 - Starting...
2023-03-17T09:26:49.477-05:00  INFO 11268 --- [main] com.zaxxer.hikari.pool.HikariPool        : HikariPool-1 - Added connection com.mysql.cj.jdbc.ConnectionImpl@3d59933
2023-03-17T09:26:49.479-05:00  INFO 11268 --- [main] com.zaxxer.hikari.HikariDataSource       : HikariPool-1 - Start completed.
2023-03-17T09:26:49.528-05:00  INFO 11268 --- [main] SQL dialect                              : HHH000400: Using dialect: org.hibernate.dialect.MySQLDialect
2023-03-17T09:26:50.036-05:00  INFO 11268 --- [main] o.h.e.t.j.p.i.JtaPlatformInitiator       : HHH000490: Using JtaPlatform implementation: [org.hibernate.engine.transaction.jta.platform.internal.NoJtaPlatform]
2023-03-17T09:26:50.044-05:00  INFO 11268 --- [main] j.LocalContainerEntityManagerFactoryBean : Initialized JPA EntityManagerFactory for persistence unit 'default'
2023-03-17T09:26:50.209-05:00  WARN 11268 --- [main] JpaBaseConfiguration$JpaWebConfiguration : spring.jpa.open-in-view is enabled by default. Therefore, database queries may be performed during view rendering. Explicitly configure spring.jpa.open-in-view to disable this warning
2023-03-17T09:26:50.637-05:00  INFO 11268 --- [main] o.s.b.t.m.w.SpringBootMockServletContext : Initializing Spring TestDispatcherServlet ''
2023-03-17T09:26:50.638-05:00  INFO 11268 --- [main] o.s.t.web.servlet.TestDispatcherServlet  : Initializing Servlet ''
2023-03-17T09:26:50.639-05:00  INFO 11268 --- [main] o.s.t.web.servlet.TestDispatcherServlet  : Completed initialization in 1 ms
2023-03-17T09:26:50.676-05:00  INFO 11268 --- [main] c.s.s.SpringbootApiApplicationTests      : Started SpringbootApiApplicationTests in 3.802 seconds (process running for 4.74)
2023-03-17T09:26:50.933-05:00  INFO 11268 --- [main] c.s.s.controller.LibraryController       : Book do no exists yet. Creating a new one
2023-03-17T09:26:51.023-05:00  INFO 11268 --- [SpringApplicationShutdownHook] j.LocalContainerEntityManagerFactoryBean : Closing JPA EntityManagerFactory for persistence unit 'default'
2023-03-17T09:26:51.027-05:00  INFO 11268 --- [SpringApplicationShutdownHook] com.zaxxer.hikari.HikariDataSource       : HikariPool-1 - Shutdown initiated...
2023-03-17T09:26:51.036-05:00  INFO 11268 --- [SpringApplicationShutdownHook] com.zaxxer.hikari.HikariDataSource       : HikariPool-1 - Shutdown completed.
